D:\DEVELOPMENT\TONATIHU\TRUNK\DEBUG\OOLUA.LIB
D:\Development\tonatihu\trunk\jni\oolua\oolua\Debug\cl.command.1.tlog
D:\Development\tonatihu\trunk\jni\oolua\oolua\Debug\CL.read.1.tlog
D:\Development\tonatihu\trunk\jni\oolua\oolua\Debug\CL.write.1.tlog
D:\DEVELOPMENT\TONATIHU\TRUNK\JNI\OOLUA\OOLUA\DEBUG\CLASS_FROM_STACK.OBJ
D:\Development\tonatihu\trunk\jni\oolua\oolua\Debug\lib.command.1.tlog
D:\Development\tonatihu\trunk\jni\oolua\oolua\Debug\Lib-link.read.1.tlog
D:\Development\tonatihu\trunk\jni\oolua\oolua\Debug\Lib-link.write.1.tlog
D:\DEVELOPMENT\TONATIHU\TRUNK\JNI\OOLUA\OOLUA\DEBUG\LUA_FUNCTION.OBJ
D:\DEVELOPMENT\TONATIHU\TRUNK\JNI\OOLUA\OOLUA\DEBUG\LUA_REF.OBJ
D:\DEVELOPMENT\TONATIHU\TRUNK\JNI\OOLUA\OOLUA\DEBUG\LUA_STACK_DUMP.OBJ
D:\DEVELOPMENT\TONATIHU\TRUNK\JNI\OOLUA\OOLUA\DEBUG\LUA_TABLE.OBJ
D:\DEVELOPMENT\TONATIHU\TRUNK\JNI\OOLUA\OOLUA\DEBUG\OOLUA.OBJ
D:\Development\tonatihu\trunk\jni\oolua\oolua\Debug\oolua.write.1.tlog
D:\DEVELOPMENT\TONATIHU\TRUNK\JNI\OOLUA\OOLUA\DEBUG\OOLUA_CHECK_RESULT.OBJ
D:\DEVELOPMENT\TONATIHU\TRUNK\JNI\OOLUA\OOLUA\DEBUG\OOLUA_ERROR.OBJ
D:\DEVELOPMENT\TONATIHU\TRUNK\JNI\OOLUA\OOLUA\DEBUG\OOLUA_PUSH_PULL.OBJ
D:\DEVELOPMENT\TONATIHU\TRUNK\JNI\OOLUA\OOLUA\DEBUG\OOLUA_REGISTRATION.OBJ
D:\DEVELOPMENT\TONATIHU\TRUNK\JNI\OOLUA\OOLUA\DEBUG\OOLUA_STORAGE.OBJ
D:\DEVELOPMENT\TONATIHU\TRUNK\JNI\OOLUA\OOLUA\DEBUG\PUSH_POINTER_INTERNAL.OBJ
D:\Development\tonatihu\trunk\jni\oolua\oolua\Debug\vc100.idb
D:\DEVELOPMENT\TONATIHU\TRUNK\JNI\OOLUA\OOLUA\DEBUG\VC100.PDB
